<?xml version="1.0" encoding="UTF-8"?>
<!-- Generated by org.testng.reporters.JUnitXMLReporter -->
<testsuite hostname="JIM-TI8227" name="JimTest" tests="4" failures="0" timestamp="27 Dec 2015 07:06:30 GMT" time="1.816" errors="0">
  <testcase name="test2" time="0.001" classname="TC.login"/>
  <testcase name="test2" time="0.0" classname="TC.Search"/>
  <testcase name="test2" time="0.0" classname="TC.Search"/>
  <testcase name="test2" time="0.0" classname="TC.Search"/>
</testsuite> <!-- JimTest -->
